<?xml version="1.0" encoding="UTF-8" ?>
<testsuite errors="0" failures="0" hostname="meschmobile" name="evs2009.mapping.MappingTest" tests="11" time="0.462" timestamp="2009-09-24T19:57:39">
  <properties>
    <property name="java.vendor" value="Sun Microsystems Inc." />
    <property name="sun.java.launcher" value="SUN_STANDARD" />
    <property name="sun.management.compiler" value="HotSpot 64-Bit Server Compiler" />
    <property name="maven.build.srcDir.0" value="src/main/java" />
    <property name="os.name" value="Linux" />
    <property name="sun.boot.class.path" value="/usr/lib/jvm/java-6-sun-1.6.0.16/jre/lib/resources.jar:/usr/lib/jvm/java-6-sun-1.6.0.16/jre/lib/rt.jar:/usr/lib/jvm/java-6-sun-1.6.0.16/jre/lib/sunrsasign.jar:/usr/lib/jvm/java-6-sun-1.6.0.16/jre/lib/jsse.jar:/usr/lib/jvm/java-6-sun-1.6.0.16/jre/lib/jce.jar:/usr/lib/jvm/java-6-sun-1.6.0.16/jre/lib/charsets.jar:/usr/lib/jvm/java-6-sun-1.6.0.16/jre/classes" />
    <property name="sun.desktop" value="gnome" />
    <property name="java.vm.specification.vendor" value="Sun Microsystems Inc." />
    <property name="ant.file.main-from-maven" value="/home/mike/Desktop/evs2009/main/maven-build.xml" />
    <property name="ant.home" value="/usr/share/ant" />
    <property name="ant.file.parent-from-maven" value="/home/mike/Desktop/evs2009/maven-build.xml" />
    <property name="java.runtime.version" value="1.6.0_16-b01" />
    <property name="maven.build.resourceDir.0" value="src/main/resources" />
    <property name="user.name" value="mike" />
    <property name="maven.build.outputDir" value="target/classes" />
    <property name="maven.repo.local" value="/home/mike/.m2/repository" />
    <property name="maven.build.finalName" value="main-1.0-SNAPSHOT" />
    <property name="maven.build.testDir.0" value="src/test/java" />
    <property name="user.language" value="en" />
    <property name="sun.boot.library.path" value="/usr/lib/jvm/java-6-sun-1.6.0.16/jre/lib/amd64" />
    <property name="maven.reporting.outputDirectory" value="target/site" />
    <property name="ant.project.name" value="main" />
    <property name="java.version" value="1.6.0_16" />
    <property name="user.timezone" value="" />
    <property name="sun.arch.data.model" value="64" />
    <property name="java.endorsed.dirs" value="/usr/lib/jvm/java-6-sun-1.6.0.16/jre/lib/endorsed" />
    <property name="sun.cpu.isalist" value="" />
    <property name="sun.jnu.encoding" value="UTF-8" />
    <property name="file.encoding.pkg" value="sun.io" />
    <property name="file.separator" value="/" />
    <property name="java.specification.name" value="Java Platform API Specification" />
    <property name="java.class.version" value="50.0" />
    <property name="ant.file.main" value="/home/mike/Desktop/evs2009/main/build.xml" />
    <property name="user.country" value="US" />
    <property name="java.home" value="/usr/lib/jvm/java-6-sun-1.6.0.16/jre" />
    <property name="java.vm.info" value="mixed mode" />
    <property name="ant.file" value="/home/mike/Desktop/evs2009/main/build.xml" />
    <property name="os.version" value="2.6.28-15-generic" />
    <property name="maven.build.testOutputDir" value="target/test-classes" />
    <property name="path.separator" value=":" />
    <property name="java.vm.version" value="14.2-b01" />
    <property name="maven.build.dir" value="target" />
    <property name="maven.test.reports" value="target/test-reports" />
    <property name="ant.library.dir" value="/usr/share/ant/lib" />
    <property name="java.awt.printerjob" value="sun.print.PSPrinterJob" />
    <property name="sun.io.unicode.encoding" value="UnicodeLittle" />
    <property name="project.build.outputDirectory" value="target/classes" />
    <property name="user.home" value="/home/mike" />
    <property name="java.specification.vendor" value="Sun Microsystems Inc." />
    <property name="java.library.path" value="/usr/lib/jvm/java-6-sun-1.6.0.16/jre/lib/amd64/server:/usr/lib/jvm/java-6-sun-1.6.0.16/jre/lib/amd64:/usr/lib/jvm/java-6-sun-1.6.0.16/jre/../lib/amd64:/usr/java/packages/lib/amd64:/lib:/usr/lib" />
    <property name="java.vendor.url" value="http://java.sun.com/" />
    <property name="maven.settings.offline" value="false" />
    <property name="java.vm.vendor" value="Sun Microsystems Inc." />
    <property name="maven.settings.interactiveMode" value="true" />
    <property name="java.runtime.name" value="Java(TM) SE Runtime Environment" />
    <property name="java.class.path" value="/home/mike/.m2/repository/junit/junit/4.4/junit-4.4.jar:/home/mike/.m2/repository/log4j/log4j/1.2.14/log4j-1.2.14.jar:/home/mike/.m2/repository/net/sourceforge/javacsv/javacsv/2.0/javacsv-2.0.jar:/home/mike/.m2/repository/org/mockito/mockito-all/1.7/mockito-all-1.7.jar:/home/mike/.m2/repository/org/slf4j/slf4j-api/1.5.6/slf4j-api-1.5.6.jar:/home/mike/.m2/repository/org/slf4j/slf4j-log4j12/1.5.6/slf4j-log4j12-1.5.6.jar:/home/mike/Desktop/evs2009/main/target/classes:/home/mike/Desktop/evs2009/main/target/test-classes:/usr/share/ant/lib/junit.jar:/usr/share/ant/lib/ant-launcher.jar:/usr/share/ant/lib/ant.jar:/usr/share/ant/lib/ant-junit.jar" />
    <property name="ant.version" value="Apache Ant version 1.7.1 compiled on November 10 2008" />
    <property name="project.build.directory" value="target" />
    <property name="java.vm.specification.name" value="Java Virtual Machine Specification" />
    <property name="java.vm.specification.version" value="1.0" />
    <property name="sun.cpu.endian" value="little" />
    <property name="sun.os.patch.level" value="unknown" />
    <property name="java.io.tmpdir" value="/tmp" />
    <property name="junit.present" value="true" />
    <property name="java.vendor.url.bug" value="http://java.sun.com/cgi-bin/bugreport.cgi" />
    <property name="maven.build.testResourceDir.0" value="src/test/resources" />
    <property name="os.arch" value="amd64" />
    <property name="java.awt.graphicsenv" value="sun.awt.X11GraphicsEnvironment" />
    <property name="java.ext.dirs" value="/usr/lib/jvm/java-6-sun-1.6.0.16/jre/lib/ext:/usr/java/packages/lib/ext" />
    <property name="user.dir" value="/home/mike/Desktop/evs2009/main" />
    <property name="line.separator" value="
" />
    <property name="java.vm.name" value="Java HotSpot(TM) 64-Bit Server VM" />
    <property name="basedir" value="." />
    <property name="ant.java.version" value="1.6" />
    <property name="ant.core.lib" value="/usr/share/ant/lib/ant.jar" />
    <property name="file.encoding" value="UTF-8" />
    <property name="ant.file.parent" value="/home/mike/Desktop/evs2009/build.xml" />
    <property name="java.specification.version" value="1.6" />
  </properties>
  <testcase classname="evs2009.mapping.MappingTest" name="testLogin" time="0.015" />
  <testcase classname="evs2009.mapping.MappingTest" name="testLoginResponse" time="0.0070" />
  <testcase classname="evs2009.mapping.MappingTest" name="testLogout" time="0.0040" />
  <testcase classname="evs2009.mapping.MappingTest" name="testCheckReturn" time="0.0070" />
  <testcase classname="evs2009.mapping.MappingTest" name="testCreate" time="0.0090" />
  <testcase classname="evs2009.mapping.MappingTest" name="testCreateResponse" time="0.0030" />
  <testcase classname="evs2009.mapping.MappingTest" name="testUpdate" time="0.0080" />
  <testcase classname="evs2009.mapping.MappingTest" name="testDelete" time="0.0070" />
  <testcase classname="evs2009.mapping.MappingTest" name="testInfo" time="0.0030" />
  <testcase classname="evs2009.mapping.MappingTest" name="testInfoResponse" time="0.0030" />
  <testcase classname="evs2009.mapping.MappingTest" name="testTransferResponse" time="0.0040" />
  <system-out><![CDATA[<?xml version="1.0" encoding="UTF-8" standalone="yes"?><ns3:epp xmlns:ns2="urn:ietf:params:xml:ns:obj" xmlns:ns3="urn:ietf:params:xml:ns:epp-1.0"><command><login><clID>user</clID><pw>password</pw><options><version>1.0</version><lang>en</lang></options></login></command></ns3:epp>
<?xml version="1.0" encoding="UTF-8" standalone="yes"?><ns3:epp xmlns:ns2="urn:ietf:params:xml:ns:obj" xmlns:ns3="urn:ietf:params:xml:ns:epp-1.0"><response><result code="1000"><msg>completed</msg></result><trID><clTRID>ABC</clTRID><svTRID>123</svTRID></trID></response></ns3:epp>
<?xml version="1.0" encoding="UTF-8" standalone="yes"?><ns3:epp xmlns:ns2="urn:ietf:params:xml:ns:obj" xmlns:ns3="urn:ietf:params:xml:ns:epp-1.0"><command><logout></logout><clTRID>someId</clTRID></command></ns3:epp>
<?xml version="1.0" encoding="UTF-8" standalone="yes"?><ns3:epp xmlns:ns2="urn:ietf:params:xml:ns:obj" xmlns:ns3="urn:ietf:params:xml:ns:epp-1.0"><response><result code="1000"><msg>Message</msg></result><resData><ns2:chkData><cd><ns2:name avail="true">example1</ns2:name></cd></ns2:chkData></resData><trID><clTRID>ABC-123</clTRID><svTRID>123-ABC</svTRID></trID></response></ns3:epp>
<?xml version="1.0" encoding="UTF-8" standalone="yes"?><ns3:epp xmlns:ns2="urn:ietf:params:xml:ns:obj" xmlns:ns3="urn:ietf:params:xml:ns:epp-1.0"><command><create><ns2:create><ns2:name>someName</ns2:name><ns2:data>AQIDBw==</ns2:data></ns2:create></create><clTRID>ABC-12345</clTRID></command></ns3:epp>
<?xml version="1.0" encoding="UTF-8" standalone="yes"?><ns3:epp xmlns:ns2="urn:ietf:params:xml:ns:obj" xmlns:ns3="urn:ietf:params:xml:ns:epp-1.0"><response><result code="1000"><msg>Some Msg</msg></result><resData><ns2:creData><ns2:name>someName</ns2:name><ns2:data>AQIDBAU=</ns2:data></ns2:creData></resData><trID><clTRID>12345</clTRID><svTRID>54321</svTRID></trID></response></ns3:epp>
<?xml version="1.0" encoding="UTF-8" standalone="yes"?><ns3:epp xmlns:ns2="urn:ietf:params:xml:ns:obj" xmlns:ns3="urn:ietf:params:xml:ns:epp-1.0"><command><update><ns2:update><ns2:name>updateName</ns2:name><ns2:data>AQIDBAU=</ns2:data></ns2:update></update><clTRID>12345</clTRID></command></ns3:epp>
<?xml version="1.0" encoding="UTF-8" standalone="yes"?><ns3:epp xmlns:ns2="urn:ietf:params:xml:ns:obj" xmlns:ns3="urn:ietf:params:xml:ns:epp-1.0"><command><delete><ns2:delete><ns2:name>updateName</ns2:name><ns2:data>AQIDBAU=</ns2:data></ns2:delete></delete><clTRID>12345</clTRID></command></ns3:epp>
<?xml version="1.0" encoding="UTF-8" standalone="yes"?><ns3:epp xmlns:ns2="urn:ietf:params:xml:ns:obj" xmlns:ns3="urn:ietf:params:xml:ns:epp-1.0"><command><info><ns2:info><ns2:name>infoName</ns2:name><ns2:data>AQIDBAU=</ns2:data></ns2:info></info><clTRID>someId</clTRID></command></ns3:epp>
<?xml version="1.0" encoding="UTF-8" standalone="yes"?><ns3:epp xmlns:ns2="urn:ietf:params:xml:ns:obj" xmlns:ns3="urn:ietf:params:xml:ns:epp-1.0"><response><result code="1000"><msg>Some Message</msg></result><resData><ns2:infData><ns2:name>someName</ns2:name><ns2:data>AQIDBAU=</ns2:data><ns2:roid>12345-roid</ns2:roid></ns2:infData></resData><trID><clTRID>ABC-12345</clTRID><svTRID>12345-CAB</svTRID></trID></response></ns3:epp>
<?xml version="1.0" encoding="UTF-8" standalone="yes"?><ns3:epp xmlns:ns2="urn:ietf:params:xml:ns:obj" xmlns:ns3="urn:ietf:params:xml:ns:epp-1.0"><response><result code="1000"><msg>MEssage</msg></result><resData><ns2:trnData><ns2:name>name</ns2:name><ns2:trStatus>status</ns2:trStatus><ns2:reId>reId</ns2:reId><ns2:acId>acId</ns2:acId></ns2:trnData></resData><trID><clTRID>cl</clTRID><svTRID>svtr</svTRID></trID></response></ns3:epp>
]]></system-out>
  <system-err><![CDATA[]]></system-err>
</testsuite>
